<?xml version="1.0" encoding="UTF-8"?>
<testsuite xmlns:xsi="http://www.w3.org/2001/XMLSchema-instance" xsi:noNamespaceSchemaLocation="https://maven.apache.org/surefire/maven-surefire-plugin/xsd/surefire-test-report.xsd" name="pl.put.poznan.transformer.logic.tools.MinifyToolTest" time="0.001" tests="2" errors="0" skipped="0" failures="0">
  <properties>
[...]
</properties>
  <testcase name="testIsMinifyDecoratorWorking" classname="pl.put.poznan.transformer.logic.tools.MinifyToolTest" time="0.001"/>
  <testcase name="testDoesMinifyDecoratorThrowingException" classname="pl.put.poznan.transformer.logic.tools.MinifyToolTest" time="0"/>
</testsuite>